[35m[1mScanning dependencies of target trajectory_msgs_generate_messages_lisp[0m
[35m[1mScanning dependencies of target topic_tools_generate_messages_py[0m
[35m[1mScanning dependencies of target nav_msgs_generate_messages_lisp[0m
[35m[1mScanning dependencies of target actionlib_msgs_generate_messages_py[0m
[35m[1mScanning dependencies of target mav_msgs_generate_messages_nodejs[0m
[35m[1mScanning dependencies of target trajectory_msgs_generate_messages_cpp[0m
[35m[1mScanning dependencies of target tf2_msgs_generate_messages_lisp[0m
[35m[1mScanning dependencies of target nav_msgs_generate_messages_py[0m
[35m[1mScanning dependencies of target octomap_msgs_generate_messages_cpp[0m
[35m[1mScanning dependencies of target mav_msgs_generate_messages_py[0m
[35m[1mScanning dependencies of target nav_msgs_generate_messages_nodejs[0m
[35m[1mScanning dependencies of target actionlib_generate_messages_eus[0m
[35m[1mScanning dependencies of target sensor_msgs_generate_messages_eus[0m
[35m[1mScanning dependencies of target mav_msgs_generate_messages_eus[0m
[35m[1mScanning dependencies of target rotors_comm_generate_messages_py[0m
[  1%] [34m[1mRunning C++ protocol buffer compiler on /home/ucsp/bebop_ws/src/iROS_drone/rotors_simulator/rotors_gazebo_plugins/msgs/WrenchStamped.proto[0m
[  1%] Built target trajectory_msgs_generate_messages_lisp
[  1%] Built target mav_msgs_generate_messages_nodejs
[  1%] Built target topic_tools_generate_messages_py
[  1%] Built target tf2_msgs_generate_messages_lisp
[  1%] Built target nav_msgs_generate_messages_py
[  1%] Built target nav_msgs_generate_messages_lisp
[  1%] Built target sensor_msgs_generate_messages_eus
[  1%] Built target mav_msgs_generate_messages_eus
[  1%] Built target trajectory_msgs_generate_messages_cpp
[  1%] Built target octomap_msgs_generate_messages_cpp
[  1%] Built target nav_msgs_generate_messages_nodejs
[  1%] Built target actionlib_generate_messages_eus
[  1%] Built target mav_msgs_generate_messages_py
[  1%] Built target rotors_comm_generate_messages_py
[  1%] Built target actionlib_msgs_generate_messages_py
[  4%] [34m[1mRunning C++ protocol buffer compiler on /home/ucsp/bebop_ws/src/iROS_drone/rotors_simulator/rotors_gazebo_plugins/msgs/CommandMotorSpeed.proto[0m
[  5%] [34m[1mRunning C++ protocol buffer compiler on /home/ucsp/bebop_ws/src/iROS_drone/rotors_simulator/rotors_gazebo_plugins/msgs/Actuators.proto[0m
[  5%] [34m[1mRunning C++ protocol buffer compiler on /home/ucsp/bebop_ws/src/iROS_drone/rotors_simulator/rotors_gazebo_plugins/msgs/ConnectGazeboToRosTopic.proto[0m
[  5%] [34m[1mRunning C++ protocol buffer compiler on /home/ucsp/bebop_ws/src/iROS_drone/rotors_simulator/rotors_gazebo_plugins/msgs/FluidPressure.proto[0m
[35m[1mScanning dependencies of target std_msgs_generate_messages_py[0m
[35m[1mScanning dependencies of target trajectory_msgs_generate_messages_py[0m
[35m[1mScanning dependencies of target std_msgs_generate_messages_eus[0m
[35m[1mScanning dependencies of target nav_msgs_generate_messages_cpp[0m
[35m[1mScanning dependencies of target std_msgs_generate_messages_nodejs[0m
[  6%] [34m[1mRunning C++ protocol buffer compiler on /home/ucsp/bebop_ws/src/iROS_drone/rotors_simulator/rotors_gazebo_plugins/msgs/Float32.proto[0m
[  6%] [34m[1mRunning C++ protocol buffer compiler on /home/ucsp/bebop_ws/src/iROS_drone/rotors_simulator/rotors_gazebo_plugins/msgs/ConnectRosToGazeboTopic.proto[0m
[35m[1mScanning dependencies of target sensor_msgs_generate_messages_nodejs[0m
[35m[1mScanning dependencies of target octomap_msgs_generate_messages_eus[0m
[35m[1mScanning dependencies of target sensor_msgs_generate_messages_lisp[0m
[35m[1mScanning dependencies of target roscpp_generate_messages_cpp[0m
[  7%] [34m[1mRunning C++ protocol buffer compiler on /home/ucsp/bebop_ws/src/iROS_drone/rotors_simulator/rotors_gazebo_plugins/msgs/Header.proto[0m
[  7%] Built target std_msgs_generate_messages_py
[  7%] Built target trajectory_msgs_generate_messages_py
[  7%] Built target std_msgs_generate_messages_eus
[  7%] Built target std_msgs_generate_messages_nodejs
[  7%] Built target roscpp_generate_messages_cpp
[  7%] Built target octomap_msgs_generate_messages_eus
[  7%] Built target nav_msgs_generate_messages_cpp
[  8%] [34m[1mRunning C++ protocol buffer compiler on /home/ucsp/bebop_ws/src/iROS_drone/rotors_simulator/rotors_gazebo_plugins/msgs/JointState.proto[0m
[ 10%] [34m[1mRunning C++ protocol buffer compiler on /home/ucsp/bebop_ws/src/iROS_drone/rotors_simulator/rotors_gazebo_plugins/msgs/Imu.proto[0m
[ 10%] Built target sensor_msgs_generate_messages_lisp
[35m[1mScanning dependencies of target actionlib_generate_messages_cpp[0m
[ 10%] Built target sensor_msgs_generate_messages_nodejs
[35m[1mScanning dependencies of target std_msgs_generate_messages_cpp[0m
[ 11%] [34m[1mRunning C++ protocol buffer compiler on /home/ucsp/bebop_ws/src/iROS_drone/rotors_simulator/rotors_gazebo_plugins/msgs/Lidar.proto[0m
[35m[1mScanning dependencies of target geometry_msgs_generate_messages_nodejs[0m
[ 12%] [34m[1mRunning C++ protocol buffer compiler on /home/ucsp/bebop_ws/src/iROS_drone/rotors_simulator/rotors_gazebo_plugins/msgs/MagneticField.proto[0m
[35m[1mScanning dependencies of target geometry_msgs_generate_messages_eus[0m
[35m[1mScanning dependencies of target rotors_comm_generate_messages_cpp[0m
[ 14%] Built target actionlib_generate_messages_cpp
[ 14%] [34m[1mRunning C++ protocol buffer compiler on /home/ucsp/bebop_ws/src/iROS_drone/rotors_simulator/rotors_gazebo_plugins/msgs/Odometry.proto[0m
[ 14%] [34m[1mRunning C++ protocol buffer compiler on /home/ucsp/bebop_ws/src/iROS_drone/rotors_simulator/rotors_gazebo_plugins/msgs/NavSatFix.proto[0m
[35m[1mScanning dependencies of target trajectory_msgs_generate_messages_nodejs[0m
[35m[1mScanning dependencies of target roscpp_generate_messages_nodejs[0m
[35m[1mScanning dependencies of target sensor_msgs_generate_messages_py[0m
MagneticField.proto: warning: Import quaternion.proto but not used.
[35m[1mScanning dependencies of target geometry_msgs_generate_messages_lisp[0m
[ 14%] Built target std_msgs_generate_messages_cpp
[35m[1mScanning dependencies of target tf_generate_messages_py[0m
[35m[1mScanning dependencies of target std_msgs_generate_messages_lisp[0m
[ 15%] [34m[1mRunning C++ protocol buffer compiler on /home/ucsp/bebop_ws/src/iROS_drone/rotors_simulator/rotors_gazebo_plugins/msgs/OpticalFlow.proto[0m
[ 15%] Built target geometry_msgs_generate_messages_nodejs
[ 15%] Built target rotors_comm_generate_messages_cpp
[35m[1mScanning dependencies of target sensor_msgs_generate_messages_cpp[0m
[ 15%] Built target geometry_msgs_generate_messages_eus
[ 15%] Built target trajectory_msgs_generate_messages_nodejs
[ 15%] Built target roscpp_generate_messages_nodejs
[35m[1mScanning dependencies of target trajectory_msgs_generate_messages_eus[0m
[ 16%] Built target geometry_msgs_generate_messages_lisp
[ 16%] [34m[1mRunning C++ protocol buffer compiler on /home/ucsp/bebop_ws/src/iROS_drone/rotors_simulator/rotors_gazebo_plugins/msgs/Point.proto[0m
[ 17%] Built target sensor_msgs_generate_messages_py
[ 17%] [34m[1mRunning C++ protocol buffer compiler on /home/ucsp/bebop_ws/src/iROS_drone/rotors_simulator/rotors_gazebo_plugins/msgs/PointStamped.proto[0m
[35m[1mScanning dependencies of target roscpp_generate_messages_py[0m
[ 17%] Built target tf_generate_messages_py
[ 19%] Built target std_msgs_generate_messages_lisp
[ 19%] [34m[1mRunning C++ protocol buffer compiler on /home/ucsp/bebop_ws/src/iROS_drone/rotors_simulator/rotors_gazebo_plugins/msgs/PoseStamped.proto[0m
[35m[1mScanning dependencies of target geometry_msgs_generate_messages_py[0m
[ 20%] [34m[1mRunning C++ protocol buffer compiler on /home/ucsp/bebop_ws/src/iROS_drone/rotors_simulator/rotors_gazebo_plugins/msgs/PoseWithCovariance.proto[0m
[ 20%] Built target sensor_msgs_generate_messages_cpp
[ 21%] [34m[1mRunning C++ protocol buffer compiler on /home/ucsp/bebop_ws/src/iROS_drone/rotors_simulator/rotors_gazebo_plugins/msgs/PoseWithCovarianceStamped.proto[0m
[35m[1mScanning dependencies of target mav_msgs_generate_messages_lisp[0m
[ 22%] Built target trajectory_msgs_generate_messages_eus
[ 22%] [34m[1mRunning C++ protocol buffer compiler on /home/ucsp/bebop_ws/src/iROS_drone/rotors_simulator/rotors_gazebo_plugins/msgs/RollPitchYawrateThrust.proto[0m
[ 23%] [34m[1mRunning C++ protocol buffer compiler on /home/ucsp/bebop_ws/src/iROS_drone/rotors_simulator/rotors_gazebo_plugins/msgs/Transform.proto[0m
[35m[1mScanning dependencies of target tf_generate_messages_lisp[0m
[ 23%] Built target roscpp_generate_messages_py
[35m[1mScanning dependencies of target tf_generate_messages_nodejs[0m
[35m[1mScanning dependencies of target octomap_msgs_generate_messages_lisp[0m
[ 23%] Built target geometry_msgs_generate_messages_py
[ 24%] [34m[1mRunning C++ protocol buffer compiler on /home/ucsp/bebop_ws/src/iROS_drone/rotors_simulator/rotors_gazebo_plugins/msgs/TransformStamped.proto[0m
[35m[1mScanning dependencies of target octomap_msgs_generate_messages_py[0m
[35m[1mScanning dependencies of target std_srvs_generate_messages_eus[0m
[35m[1mScanning dependencies of target roscpp_generate_messages_lisp[0m
[ 24%] [34m[1mRunning C++ protocol buffer compiler on /home/ucsp/bebop_ws/src/iROS_drone/rotors_simulator/rotors_gazebo_plugins/msgs/TransformStampedWithFrameIds.proto[0m
[ 24%] Built target mav_msgs_generate_messages_lisp
[35m[1mScanning dependencies of target rosgraph_msgs_generate_messages_cpp[0m
[ 25%] Built target tf_generate_messages_lisp
[ 25%] [34m[1mRunning C++ protocol buffer compiler on /home/ucsp/bebop_ws/src/iROS_drone/rotors_simulator/rotors_gazebo_plugins/msgs/TwistWithCovariance.proto[0m
[ 26%] [34m[1mRunning C++ protocol buffer compiler on /home/ucsp/bebop_ws/src/iROS_drone/rotors_simulator/rotors_gazebo_plugins/msgs/Twist.proto[0m
[ 28%] [34m[1mRunning C++ protocol buffer compiler on /home/ucsp/bebop_ws/src/iROS_drone/rotors_simulator/rotors_gazebo_plugins/msgs/TwistStamped.proto[0m
[35m[1mScanning dependencies of target rosgraph_msgs_generate_messages_eus[0m
[35m[1mScanning dependencies of target rosgraph_msgs_generate_messages_lisp[0m
[ 28%] Built target tf_generate_messages_nodejs
[ 28%] Built target octomap_msgs_generate_messages_lisp
[ 28%] Built target octomap_msgs_generate_messages_py
[ 28%] Built target std_srvs_generate_messages_eus
[35m[1mScanning dependencies of target rosgraph_msgs_generate_messages_nodejs[0m
[35m[1mScanning dependencies of target roscpp_generate_messages_eus[0m
[ 28%] Built target roscpp_generate_messages_lisp
[ 28%] Built target rosgraph_msgs_generate_messages_cpp
[35m[1mScanning dependencies of target rosgraph_msgs_generate_messages_py[0m
[ 28%] Built target rosgraph_msgs_generate_messages_eus
[ 29%] [34m[1mRunning C++ protocol buffer compiler on /home/ucsp/bebop_ws/src/iROS_drone/rotors_simulator/rotors_gazebo_plugins/msgs/Vector3dStamped.proto[0m
[35m[1mScanning dependencies of target geometry_msgs_generate_messages_cpp[0m
[35m[1mScanning dependencies of target actionlib_generate_messages_lisp[0m
[ 30%] [34m[1mRunning C++ protocol buffer compiler on /home/ucsp/bebop_ws/src/iROS_drone/rotors_simulator/rotors_gazebo_plugins/msgs/WindSpeed.proto[0m
[ 30%] Built target rosgraph_msgs_generate_messages_lisp
[35m[1mScanning dependencies of target rotors_comm_generate_messages_nodejs[0m
[ 31%] [34m[1mRunning C++ protocol buffer compiler on /home/ucsp/bebop_ws/src/iROS_drone/rotors_simulator/rotors_gazebo_plugins/msgs/Wrench.proto[0m
[35m[1mScanning dependencies of target actionlib_msgs_generate_messages_eus[0m
[35m[1mScanning dependencies of target octomap_msgs_generate_messages_nodejs[0m
[ 31%] Built target rosgraph_msgs_generate_messages_nodejs
[35m[1mScanning dependencies of target std_srvs_generate_messages_nodejs[0m
[ 31%] Built target rosgraph_msgs_generate_messages_py
[ 31%] Built target actionlib_generate_messages_lisp
[ 31%] Built target rotors_comm_generate_messages_nodejs
[ 31%] Built target roscpp_generate_messages_eus
[ 31%] Built target geometry_msgs_generate_messages_cpp
[ 31%] Built target actionlib_msgs_generate_messages_eus
[ 31%] Built target octomap_msgs_generate_messages_nodejs
[35m[1mScanning dependencies of target tf_generate_messages_cpp[0m
[35m[1mScanning dependencies of target actionlib_generate_messages_nodejs[0m
[35m[1mScanning dependencies of target rotors_comm_generate_messages_lisp[0m
[ 31%] Built target std_srvs_generate_messages_nodejs
[35m[1mScanning dependencies of target tf2_msgs_generate_messages_py[0m
[35m[1mScanning dependencies of target rotors_comm_generate_messages_eus[0m
[35m[1mScanning dependencies of target topic_tools_generate_messages_cpp[0m
[35m[1mScanning dependencies of target actionlib_generate_messages_py[0m
[ 31%] Built target tf_generate_messages_cpp
[ 31%] Built target actionlib_generate_messages_nodejs
[35m[1mScanning dependencies of target tf_generate_messages_eus[0m
[35m[1mScanning dependencies of target topic_tools_generate_messages_nodejs[0m
[35m[1mScanning dependencies of target actionlib_msgs_generate_messages_cpp[0m
[35m[1mScanning dependencies of target mav_msgs_generate_messages_cpp[0m
[35m[1mScanning dependencies of target std_srvs_generate_messages_cpp[0m
[ 31%] Built target rotors_comm_generate_messages_lisp
[ 31%] Built target tf2_msgs_generate_messages_py
[35m[1mScanning dependencies of target actionlib_msgs_generate_messages_lisp[0m
[ 31%] Built target topic_tools_generate_messages_cpp
[ 31%] Built target actionlib_generate_messages_py
[35m[1mScanning dependencies of target tf2_msgs_generate_messages_cpp[0m
[ 31%] Built target rotors_comm_generate_messages_eus
[ 31%] Built target topic_tools_generate_messages_nodejs
[35m[1mScanning dependencies of target nav_msgs_generate_messages_eus[0m
[ 31%] Built target tf_generate_messages_eus
[ 31%] Built target mav_msgs_generate_messages_cpp
[35m[1mScanning dependencies of target tf2_msgs_generate_messages_eus[0m
[ 31%] Built target std_srvs_generate_messages_cpp
[ 31%] Built target actionlib_msgs_generate_messages_lisp
[ 31%] Built target actionlib_msgs_generate_messages_cpp
[ 31%] Built target tf2_msgs_generate_messages_cpp
[35m[1mScanning dependencies of target tf2_msgs_generate_messages_nodejs[0m
[35m[1mScanning dependencies of target std_srvs_generate_messages_lisp[0m
[ 31%] Built target nav_msgs_generate_messages_eus
[35m[1mScanning dependencies of target topic_tools_generate_messages_lisp[0m
[35m[1mScanning dependencies of target std_srvs_generate_messages_py[0m
[ 31%] Built target tf2_msgs_generate_messages_eus
[35m[1mScanning dependencies of target topic_tools_generate_messages_eus[0m
[ 31%] Built target tf2_msgs_generate_messages_nodejs
[35m[1mScanning dependencies of target actionlib_msgs_generate_messages_nodejs[0m
[ 31%] Built target topic_tools_generate_messages_lisp
[ 31%] Built target std_srvs_generate_messages_lisp
[35m[1mScanning dependencies of target mav_msgs[0m
[ 31%] Built target std_srvs_generate_messages_py
[ 31%] Built target actionlib_msgs_generate_messages_nodejs
[ 31%] Built target topic_tools_generate_messages_eus
[ 32%] [32mBuilding CXX object CMakeFiles/mav_msgs.dir/Float32.pb.cc.o[0m
[ 32%] [32mBuilding CXX object CMakeFiles/mav_msgs.dir/MagneticField.pb.cc.o[0m
[ 33%] [32mBuilding CXX object CMakeFiles/mav_msgs.dir/Actuators.pb.cc.o[0m
[ 38%] [32mBuilding CXX object CMakeFiles/mav_msgs.dir/FluidPressure.pb.cc.o[0m
[ 38%] [32mBuilding CXX object CMakeFiles/mav_msgs.dir/JointState.pb.cc.o[0m
[ 38%] [32mBuilding CXX object CMakeFiles/mav_msgs.dir/Header.pb.cc.o[0m
[ 38%] [32mBuilding CXX object CMakeFiles/mav_msgs.dir/CommandMotorSpeed.pb.cc.o[0m
[ 39%] [32mBuilding CXX object CMakeFiles/mav_msgs.dir/ConnectGazeboToRosTopic.pb.cc.o[0m
[ 40%] [32mBuilding CXX object CMakeFiles/mav_msgs.dir/PointStamped.pb.cc.o[0m
[ 42%] [32mBuilding CXX object CMakeFiles/mav_msgs.dir/ConnectRosToGazeboTopic.pb.cc.o[0m
[ 42%] [32mBuilding CXX object CMakeFiles/mav_msgs.dir/Point.pb.cc.o[0m
[ 44%] [32mBuilding CXX object CMakeFiles/mav_msgs.dir/NavSatFix.pb.cc.o[0m
[ 44%] [32mBuilding CXX object CMakeFiles/mav_msgs.dir/Odometry.pb.cc.o[0m
[ 47%] [32mBuilding CXX object CMakeFiles/mav_msgs.dir/Imu.pb.cc.o[0m
[ 47%] [32mBuilding CXX object CMakeFiles/mav_msgs.dir/Lidar.pb.cc.o[0m
[ 48%] [32mBuilding CXX object CMakeFiles/mav_msgs.dir/OpticalFlow.pb.cc.o[0m
[ 49%] [32mBuilding CXX object CMakeFiles/mav_msgs.dir/PoseStamped.pb.cc.o[0m
[ 50%] [32mBuilding CXX object CMakeFiles/mav_msgs.dir/PoseWithCovariance.pb.cc.o[0m
[ 51%] [32mBuilding CXX object CMakeFiles/mav_msgs.dir/PoseWithCovarianceStamped.pb.cc.o[0m
[ 52%] [32mBuilding CXX object CMakeFiles/mav_msgs.dir/Transform.pb.cc.o[0m
[ 53%] [32mBuilding CXX object CMakeFiles/mav_msgs.dir/RollPitchYawrateThrust.pb.cc.o[0m
[ 55%] [32mBuilding CXX object CMakeFiles/mav_msgs.dir/TransformStamped.pb.cc.o[0m
[ 56%] [32mBuilding CXX object CMakeFiles/mav_msgs.dir/TransformStampedWithFrameIds.pb.cc.o[0m
[ 58%] [32mBuilding CXX object CMakeFiles/mav_msgs.dir/TwistStamped.pb.cc.o[0m
[ 58%] [32mBuilding CXX object CMakeFiles/mav_msgs.dir/Twist.pb.cc.o[0m
[ 59%] [32mBuilding CXX object CMakeFiles/mav_msgs.dir/TwistWithCovariance.pb.cc.o[0m
[ 59%] [32mBuilding CXX object CMakeFiles/mav_msgs.dir/WindSpeed.pb.cc.o[0m
[ 60%] [32mBuilding CXX object CMakeFiles/mav_msgs.dir/Vector3dStamped.pb.cc.o[0m
[ 61%] [32mBuilding CXX object CMakeFiles/mav_msgs.dir/Wrench.pb.cc.o[0m
[ 62%] [32mBuilding CXX object CMakeFiles/mav_msgs.dir/WrenchStamped.pb.cc.o[0m
[ 64%] [32m[1mLinking CXX shared library libmav_msgs.so[0m
[ 64%] Built target mav_msgs
[35m[1mScanning dependencies of target rotors_gazebo_wind_plugin[0m
[35m[1mScanning dependencies of target rotors_gazebo_noisydepth_plugin[0m
[35m[1mScanning dependencies of target rotors_gazebo_multirotor_base_plugin[0m
[35m[1mScanning dependencies of target rotors_gazebo_mavlink_interface[0m
[35m[1mScanning dependencies of target rotors_gazebo_pressure_plugin[0m
[35m[1mScanning dependencies of target rotors_gazebo_odometry_plugin[0m
[35m[1mScanning dependencies of target rotors_gazebo_ros_interface_plugin[0m
[35m[1mScanning dependencies of target rotors_gazebo_bag_plugin[0m
[35m[1mScanning dependencies of target rotors_gazebo_motor_model[0m
[35m[1mScanning dependencies of target rotors_gazebo_fw_dynamics_plugin[0m
[35m[1mScanning dependencies of target rotors_gazebo_magnetometer_plugin[0m
[35m[1mScanning dependencies of target gazebo_geotagged_images_plugin[0m
[35m[1mScanning dependencies of target rotors_gazebo_lidar_plugin[0m
[35m[1mScanning dependencies of target rotors_gazebo_controller_interface[0m
[35m[1mScanning dependencies of target rotors_gazebo_imu_plugin[0m
[35m[1mScanning dependencies of target rotors_gazebo_gps_plugin[0m
[ 65%] [32mBuilding CXX object CMakeFiles/rotors_gazebo_fw_dynamics_plugin.dir/src/gazebo_fw_dynamics_plugin.cpp.o[0m
[ 66%] [32mBuilding CXX object CMakeFiles/rotors_gazebo_wind_plugin.dir/src/gazebo_wind_plugin.cpp.o[0m
[ 67%] [32mBuilding CXX object CMakeFiles/rotors_gazebo_multirotor_base_plugin.dir/src/gazebo_multirotor_base_plugin.cpp.o[0m
[ 68%] [32mBuilding CXX object CMakeFiles/rotors_gazebo_magnetometer_plugin.dir/src/gazebo_magnetometer_plugin.cpp.o[0m
[ 69%] [32mBuilding CXX object CMakeFiles/rotors_gazebo_pressure_plugin.dir/src/gazebo_pressure_plugin.cpp.o[0m
[ 70%] [32mBuilding CXX object CMakeFiles/rotors_gazebo_lidar_plugin.dir/src/external/gazebo_lidar_plugin.cpp.o[0m
[ 71%] [32mBuilding CXX object CMakeFiles/rotors_gazebo_imu_plugin.dir/src/gazebo_imu_plugin.cpp.o[0m
[ 73%] [32mBuilding CXX object CMakeFiles/rotors_gazebo_gps_plugin.dir/src/gazebo_gps_plugin.cpp.o[0m
[ 75%] [32mBuilding CXX object CMakeFiles/rotors_gazebo_mavlink_interface.dir/src/gazebo_mavlink_interface.cpp.o[0m
[ 75%] [32mBuilding CXX object CMakeFiles/rotors_gazebo_controller_interface.dir/src/gazebo_controller_interface.cpp.o[0m
[ 75%] [32mBuilding CXX object CMakeFiles/rotors_gazebo_motor_model.dir/src/gazebo_motor_model.cpp.o[0m
[ 76%] [32mBuilding CXX object CMakeFiles/rotors_gazebo_odometry_plugin.dir/src/gazebo_odometry_plugin.cpp.o[0m
[ 77%] [32mBuilding CXX object CMakeFiles/gazebo_geotagged_images_plugin.dir/src/external/gazebo_geotagged_images_plugin.cpp.o[0m
[ 77%] [32mBuilding CXX object CMakeFiles/rotors_gazebo_bag_plugin.dir/src/gazebo_bag_plugin.cpp.o[0m
[ 78%] [32mBuilding CXX object CMakeFiles/rotors_gazebo_ros_interface_plugin.dir/src/gazebo_ros_interface_plugin.cpp.o[0m
[ 79%] [32mBuilding CXX object CMakeFiles/rotors_gazebo_noisydepth_plugin.dir/src/gazebo_noisydepth_plugin.cpp.o[0m
[ 83%] [32m[1mLinking CXX shared library /home/ucsp/bebop_ws/devel/.private/rotors_gazebo_plugins/lib/librotors_gazebo_multirotor_base_plugin.so[0m
[ 84%] [32m[1mLinking CXX shared library /home/ucsp/bebop_ws/devel/.private/rotors_gazebo_plugins/lib/librotors_gazebo_pressure_plugin.so[0m
[ 83%] [32m[1mLinking CXX shared library /home/ucsp/bebop_ws/devel/.private/rotors_gazebo_plugins/lib/librotors_gazebo_lidar_plugin.so[0m
[ 83%] [32m[1mLinking CXX shared library /home/ucsp/bebop_ws/devel/.private/rotors_gazebo_plugins/lib/librotors_gazebo_gps_plugin.so[0m
[ 85%] [32m[1mLinking CXX shared library /home/ucsp/bebop_ws/devel/.private/rotors_gazebo_plugins/lib/librotors_gazebo_imu_plugin.so[0m
[ 86%] [32m[1mLinking CXX shared library /home/ucsp/bebop_ws/devel/.private/rotors_gazebo_plugins/lib/librotors_gazebo_wind_plugin.so[0m
[ 87%] [32m[1mLinking CXX shared library /home/ucsp/bebop_ws/devel/.private/rotors_gazebo_plugins/lib/librotors_gazebo_controller_interface.so[0m
[ 88%] [32m[1mLinking CXX shared library /home/ucsp/bebop_ws/devel/.private/rotors_gazebo_plugins/lib/librotors_gazebo_magnetometer_plugin.so[0m
[ 89%] [32m[1mLinking CXX shared library /home/ucsp/bebop_ws/devel/.private/rotors_gazebo_plugins/lib/librotors_gazebo_motor_model.so[0m
[ 89%] Built target rotors_gazebo_lidar_plugin
[ 91%] [32mBuilding CXX object CMakeFiles/rotors_gazebo_noisydepth_plugin.dir/src/depth_noise_model.cpp.o[0m
[ 92%] [32m[1mLinking CXX shared library /home/ucsp/bebop_ws/devel/.private/rotors_gazebo_plugins/lib/librotors_gazebo_fw_dynamics_plugin.so[0m
[ 92%] Built target rotors_gazebo_multirotor_base_plugin
[ 92%] Built target rotors_gazebo_pressure_plugin
[ 93%] [32mBuilding CXX object CMakeFiles/rotors_gazebo_mavlink_interface.dir/src/geo_mag_declination.cpp.o[0m
[ 94%] [32m[1mLinking CXX shared library /home/ucsp/bebop_ws/devel/.private/rotors_gazebo_plugins/lib/librotors_gazebo_odometry_plugin.so[0m
[ 94%] Built target rotors_gazebo_controller_interface
[ 94%] Built target rotors_gazebo_motor_model
[ 94%] Built target rotors_gazebo_imu_plugin
[ 94%] Built target rotors_gazebo_gps_plugin
[ 94%] Built target rotors_gazebo_magnetometer_plugin
[ 94%] Built target rotors_gazebo_wind_plugin
[ 95%] [32m[1mLinking CXX shared library /home/ucsp/bebop_ws/devel/.private/rotors_gazebo_plugins/lib/librotors_gazebo_mavlink_interface.so[0m
[ 95%] Built target rotors_gazebo_fw_dynamics_plugin
[ 95%] Built target rotors_gazebo_odometry_plugin
[ 95%] Built target rotors_gazebo_mavlink_interface
[ 96%] [32m[1mLinking CXX shared library /home/ucsp/bebop_ws/devel/.private/rotors_gazebo_plugins/lib/librotors_gazebo_bag_plugin.so[0m
[ 96%] Built target rotors_gazebo_bag_plugin
[ 97%] [32m[1mLinking CXX shared library /home/ucsp/bebop_ws/devel/.private/rotors_gazebo_plugins/lib/librotors_gazebo_ros_interface_plugin.so[0m
[ 97%] Built target rotors_gazebo_ros_interface_plugin
[ 98%] [32m[1mLinking CXX shared library /home/ucsp/bebop_ws/devel/.private/rotors_gazebo_plugins/lib/libgazebo_geotagged_images_plugin.so[0m
[100%] [32m[1mLinking CXX shared library /home/ucsp/bebop_ws/devel/.private/rotors_gazebo_plugins/lib/librotors_gazebo_noisydepth_plugin.so[0m
[100%] Built target gazebo_geotagged_images_plugin
[100%] Built target rotors_gazebo_noisydepth_plugin
